2000.04.08 14:42 B D:\Complete\Source\Visual_basic\.0000000073d71b2d --> www8.50megs.com /project/Source/Visual_basic .0000000073d71b2d
2000.04.08 14:42 B D:\Complete\Source\Visual_basic\.0000000073d71b2e --> www8.50megs.com /project/Source/Visual_basic .0000000073d71b2e
2000.04.08 14:42 B D:\Complete\Source\Visual_basic\.0000000073d71b2f --> www8.50megs.com /project/Source/Visual_basic .0000000073d71b2f
2000.04.08 14:42 B D:\Complete\Source\Visual_basic\.0000000073d71b30 --> www8.50megs.com /project/Source/Visual_basic .0000000073d71b30
2000.04.08 14:42 B D:\Complete\Source\Visual_basic\.0000000073d71b31 --> www8.50megs.com /project/Source/Visual_basic .0000000073d71b31
2000.04.08 14:42 B D:\Complete\Source\Visual_basic\.0000000073d71b32 --> www8.50megs.com /project/Source/Visual_basic .0000000073d71b32
2000.04.08 14:42 B D:\Complete\Source\Visual_basic\AboutComponent.mlt --> www8.50megs.com /project/Source/Visual_basic AboutComponent.mlt
2000.04.08 14:42 B D:\Complete\Source\Visual_basic\AboutComponent.mlx --> www8.50megs.com /project/Source/Visual_basic AboutComponent.mlx
2000.04.08 14:42 B D:\Complete\Source\Visual_basic\aboutform.frm --> www8.50megs.com /project/Source/Visual_basic aboutform.frm
2000.04.08 14:42 B D:\Complete\Source\Visual_basic\AboutProject.mlt --> www8.50megs.com /project/Source/Visual_basic AboutProject.mlt
2000.04.08 14:42 B D:\Complete\Source\Visual_basic\AboutProject.mlx --> www8.50megs.com /project/Source/Visual_basic AboutProject.mlx
2000.04.08 14:42 B D:\Complete\Source\Visual_basic\AboutType.mlt --> www8.50megs.com /project/Source/Visual_basic AboutType.mlt
2000.04.08 14:42 B D:\Complete\Source\Visual_basic\AboutType.mlx --> www8.50megs.com /project/Source/Visual_basic AboutType.mlx
2000.04.08 14:42 B D:\Complete\Source\Visual_basic\AboutWire.mlt --> www8.50megs.com /project/Source/Visual_basic AboutWire.mlt
2000.04.08 14:42 B D:\Complete\Source\Visual_basic\AboutWire.mlx --> www8.50megs.com /project/Source/Visual_basic AboutWire.mlx
2000.04.08 14:42 B D:\Complete\Source\Visual_basic\And2.jpg --> www8.50megs.com /project/Source/Visual_basic And2.jpg
2000.04.08 14:42 B D:\Complete\Source\Visual_basic\And3.jpg --> www8.50megs.com /project/Source/Visual_basic And3.jpg
2000.04.08 14:43 B D:\Complete\Source\Visual_basic\Backup of AboutComponent.mlt --> www8.50megs.com /project/Source/Visual_basic Backup of AboutComponent.mlt
2000.04.08 14:43 B D:\Complete\Source\Visual_basic\Backup of AboutComponent.mlx --> www8.50megs.com /project/Source/Visual_basic Backup of AboutComponent.mlx
2000.04.08 14:43 B D:\Complete\Source\Visual_basic\Backup of AboutType.mlt --> www8.50megs.com /project/Source/Visual_basic Backup of AboutType.mlt
2000.04.08 14:43 B D:\Complete\Source\Visual_basic\Backup of AboutType.mlx --> www8.50megs.com /project/Source/Visual_basic Backup of AboutType.mlx
2000.04.08 14:43 B D:\Complete\Source\Visual_basic\Backup of AboutWire.mlt --> www8.50megs.com /project/Source/Visual_basic Backup of AboutWire.mlt
2000.04.08 14:43 B D:\Complete\Source\Visual_basic\Backup of AboutWire.mlx --> www8.50megs.com /project/Source/Visual_basic Backup of AboutWire.mlx
2000.04.08 14:43 B D:\Complete\Source\Visual_basic\Backup of Logic.ddx --> www8.50megs.com /project/Source/Visual_basic Backup of Logic.ddx
2000.04.08 14:43 B D:\Complete\Source\Visual_basic\Logic.ddx --> www8.50megs.com /project/Source/Visual_basic Logic.ddx
2000.04.08 14:43 B D:\Complete\Source\Visual_basic\Logic.dlp --> www8.50megs.com /project/Source/Visual_basic Logic.dlp
2000.04.08 14:43 B D:\Complete\Source\Visual_basic\Logic.vbp --> www8.50megs.com /project/Source/Visual_basic Logic.vbp
2000.04.08 14:43 B D:\Complete\Source\Visual_basic\Logic.vbw --> www8.50megs.com /project/Source/Visual_basic Logic.vbw
2000.04.08 14:43 B D:\Complete\Source\Visual_basic\MainForm.frm --> www8.50megs.com /project/Source/Visual_basic MainForm.frm
2000.04.08 14:43 B D:\Complete\Source\Visual_basic\Mainform.frx --> www8.50megs.com /project/Source/Visual_basic Mainform.frx
2000.04.08 14:43 B D:\Complete\Source\Visual_basic\Nand2.jpg --> www8.50megs.com /project/Source/Visual_basic Nand2.jpg
2000.04.08 14:43 B D:\Complete\Source\Visual_basic\NAND3.JPG --> www8.50megs.com /project/Source/Visual_basic NAND3.JPG
2000.04.08 14:43 B D:\Complete\Source\Visual_basic\NewProjectForm.frm --> www8.50megs.com /project/Source/Visual_basic NewProjectForm.frm
2000.04.08 14:43 B D:\Complete\Source\Visual_basic\Nor2.jpg --> www8.50megs.com /project/Source/Visual_basic Nor2.jpg
2000.04.08 14:43 B D:\Complete\Source\Visual_basic\NOR3.JPG --> www8.50megs.com /project/Source/Visual_basic NOR3.JPG
2000.04.08 14:43 B D:\Complete\Source\Visual_basic\Notg.jpg --> www8.50megs.com /project/Source/Visual_basic Notg.jpg
2000.04.08 14:43 B D:\Complete\Source\Visual_basic\OpenProjForm.frm --> www8.50megs.com /project/Source/Visual_basic OpenProjForm.frm
2000.04.08 14:43 B D:\Complete\Source\Visual_basic\Or2.jpg --> www8.50megs.com /project/Source/Visual_basic Or2.jpg
2000.04.08 14:43 B D:\Complete\Source\Visual_basic\OR3.JPG --> www8.50megs.com /project/Source/Visual_basic OR3.JPG
2000.04.08 14:43 B D:\Complete\Source\Visual_basic\UserPwForm.frm --> www8.50megs.com /project/Source/Visual_basic UserPwForm.frm
2000.04.08 14:44 B D:\Complete\Source\Visual_basic\XNOR2.JPG --> www8.50megs.com /project/Source/Visual_basic XNOR2.JPG
2000.04.08 14:44 B D:\Complete\Source\Visual_basic\XOR2.JPG --> www8.50megs.com /project/Source/Visual_basic XOR2.JPG
