2000.04.20 14:34 B D:\PROJECT DOC&PRESENT\Final Project_2\Multimedia_Database\Source\VirtualLibrary\About.frm <-- morac /tmp/Multimedia_Database/Source/VirtualLibrary About.frm
2000.04.20 14:34 B D:\PROJECT DOC&PRESENT\Final Project_2\Multimedia_Database\Source\VirtualLibrary\About.frx <-- morac /tmp/Multimedia_Database/Source/VirtualLibrary About.frx
2000.04.20 14:34 B D:\PROJECT DOC&PRESENT\Final Project_2\Multimedia_Database\Source\VirtualLibrary\Backup of Library1.ddx <-- morac /tmp/Multimedia_Database/Source/VirtualLibrary Backup of Library1.ddx
2000.04.20 14:34 B D:\PROJECT DOC&PRESENT\Final Project_2\Multimedia_Database\Source\VirtualLibrary\Book.frm <-- morac /tmp/Multimedia_Database/Source/VirtualLibrary Book.frm
2000.04.20 14:34 B D:\PROJECT DOC&PRESENT\Final Project_2\Multimedia_Database\Source\VirtualLibrary\Book.frx <-- morac /tmp/Multimedia_Database/Source/VirtualLibrary Book.frx
2000.04.20 14:34 B D:\PROJECT DOC&PRESENT\Final Project_2\Multimedia_Database\Source\VirtualLibrary\Detailbook.frm <-- morac /tmp/Multimedia_Database/Source/VirtualLibrary Detailbook.frm
2000.04.20 14:34 B D:\PROJECT DOC&PRESENT\Final Project_2\Multimedia_Database\Source\VirtualLibrary\Detailbook.frx <-- morac /tmp/Multimedia_Database/Source/VirtualLibrary Detailbook.frx
2000.04.20 14:34 B D:\PROJECT DOC&PRESENT\Final Project_2\Multimedia_Database\Source\VirtualLibrary\Detailmovie.frm <-- morac /tmp/Multimedia_Database/Source/VirtualLibrary Detailmovie.frm
2000.04.20 14:34 B D:\PROJECT DOC&PRESENT\Final Project_2\Multimedia_Database\Source\VirtualLibrary\DetailSong.frm <-- morac /tmp/Multimedia_Database/Source/VirtualLibrary DetailSong.frm
2000.04.20 14:34 B D:\PROJECT DOC&PRESENT\Final Project_2\Multimedia_Database\Source\VirtualLibrary\Library1.ddx <-- morac /tmp/Multimedia_Database/Source/VirtualLibrary Library1.ddx
2000.04.20 14:34 B D:\PROJECT DOC&PRESENT\Final Project_2\Multimedia_Database\Source\VirtualLibrary\Library1.dlp <-- morac /tmp/Multimedia_Database/Source/VirtualLibrary Library1.dlp
2000.04.20 14:34 B D:\PROJECT DOC&PRESENT\Final Project_2\Multimedia_Database\Source\VirtualLibrary\Library1.vbp <-- morac /tmp/Multimedia_Database/Source/VirtualLibrary Library1.vbp
2000.04.20 14:34 B D:\PROJECT DOC&PRESENT\Final Project_2\Multimedia_Database\Source\VirtualLibrary\Library1.vbw <-- morac /tmp/Multimedia_Database/Source/VirtualLibrary Library1.vbw
2000.04.20 14:34 B D:\PROJECT DOC&PRESENT\Final Project_2\Multimedia_Database\Source\VirtualLibrary\Library1Demo2.DDX <-- morac /tmp/Multimedia_Database/Source/VirtualLibrary Library1Demo2.DDX
2000.04.20 14:34 B D:\PROJECT DOC&PRESENT\Final Project_2\Multimedia_Database\Source\VirtualLibrary\Login <-- morac /tmp/Multimedia_Database/Source/VirtualLibrary Login
2000.04.20 14:34 B D:\PROJECT DOC&PRESENT\Final Project_2\Multimedia_Database\Source\VirtualLibrary\Login.frm <-- morac /tmp/Multimedia_Database/Source/VirtualLibrary Login.frm
2000.04.20 14:34 B D:\PROJECT DOC&PRESENT\Final Project_2\Multimedia_Database\Source\VirtualLibrary\Login.frx <-- morac /tmp/Multimedia_Database/Source/VirtualLibrary Login.frx
2000.04.20 14:34 B D:\PROJECT DOC&PRESENT\Final Project_2\Multimedia_Database\Source\VirtualLibrary\MainScreen.frm <-- morac /tmp/Multimedia_Database/Source/VirtualLibrary MainScreen.frm
2000.04.20 14:34 B D:\PROJECT DOC&PRESENT\Final Project_2\Multimedia_Database\Source\VirtualLibrary\MainScreen.frx <-- morac /tmp/Multimedia_Database/Source/VirtualLibrary MainScreen.frx
2000.04.20 14:34 B D:\PROJECT DOC&PRESENT\Final Project_2\Multimedia_Database\Source\VirtualLibrary\Menu.frm <-- morac /tmp/Multimedia_Database/Source/VirtualLibrary Menu.frm
2000.04.20 14:34 B D:\PROJECT DOC&PRESENT\Final Project_2\Multimedia_Database\Source\VirtualLibrary\Menu.frx <-- morac /tmp/Multimedia_Database/Source/VirtualLibrary Menu.frx
2000.04.20 14:34 B D:\PROJECT DOC&PRESENT\Final Project_2\Multimedia_Database\Source\VirtualLibrary\MenuAdmin.frm <-- morac /tmp/Multimedia_Database/Source/VirtualLibrary MenuAdmin.frm
2000.04.20 14:34 B D:\PROJECT DOC&PRESENT\Final Project_2\Multimedia_Database\Source\VirtualLibrary\MenuAdmin.frx <-- morac /tmp/Multimedia_Database/Source/VirtualLibrary MenuAdmin.frx
2000.04.20 14:34 B D:\PROJECT DOC&PRESENT\Final Project_2\Multimedia_Database\Source\VirtualLibrary\MenuClient.frm <-- morac /tmp/Multimedia_Database/Source/VirtualLibrary MenuClient.frm
2000.04.20 14:34 B D:\PROJECT DOC&PRESENT\Final Project_2\Multimedia_Database\Source\VirtualLibrary\MenuClient.frx <-- morac /tmp/Multimedia_Database/Source/VirtualLibrary MenuClient.frx
2000.04.20 14:34 B D:\PROJECT DOC&PRESENT\Final Project_2\Multimedia_Database\Source\VirtualLibrary\Movie.frm <-- morac /tmp/Multimedia_Database/Source/VirtualLibrary Movie.frm
2000.04.20 14:34 B D:\PROJECT DOC&PRESENT\Final Project_2\Multimedia_Database\Source\VirtualLibrary\Movie.frx <-- morac /tmp/Multimedia_Database/Source/VirtualLibrary Movie.frx
2000.04.20 14:34 B D:\PROJECT DOC&PRESENT\Final Project_2\Multimedia_Database\Source\VirtualLibrary\Music.frm <-- morac /tmp/Multimedia_Database/Source/VirtualLibrary Music.frm
2000.04.20 14:34 B D:\PROJECT DOC&PRESENT\Final Project_2\Multimedia_Database\Source\VirtualLibrary\Music.frx <-- morac /tmp/Multimedia_Database/Source/VirtualLibrary Music.frx
2000.04.20 14:34 B D:\PROJECT DOC&PRESENT\Final Project_2\Multimedia_Database\Source\VirtualLibrary\RESULT.FRM <-- morac /tmp/Multimedia_Database/Source/VirtualLibrary RESULT.FRM
2000.04.20 14:34 B D:\PROJECT DOC&PRESENT\Final Project_2\Multimedia_Database\Source\VirtualLibrary\RESULT.FRX <-- morac /tmp/Multimedia_Database/Source/VirtualLibrary RESULT.FRX
2000.04.20 14:34 B D:\PROJECT DOC&PRESENT\Final Project_2\Multimedia_Database\Source\VirtualLibrary\Searchbook.frm <-- morac /tmp/Multimedia_Database/Source/VirtualLibrary Searchbook.frm
2000.04.20 14:34 B D:\PROJECT DOC&PRESENT\Final Project_2\Multimedia_Database\Source\VirtualLibrary\Searchbook.frx <-- morac /tmp/Multimedia_Database/Source/VirtualLibrary Searchbook.frx
2000.04.20 14:34 B D:\PROJECT DOC&PRESENT\Final Project_2\Multimedia_Database\Source\VirtualLibrary\Searchmovie.frm <-- morac /tmp/Multimedia_Database/Source/VirtualLibrary Searchmovie.frm
2000.04.20 14:34 B D:\PROJECT DOC&PRESENT\Final Project_2\Multimedia_Database\Source\VirtualLibrary\Searchmovie.frx <-- morac /tmp/Multimedia_Database/Source/VirtualLibrary Searchmovie.frx
2000.04.20 14:34 B D:\PROJECT DOC&PRESENT\Final Project_2\Multimedia_Database\Source\VirtualLibrary\SearchSong.frm <-- morac /tmp/Multimedia_Database/Source/VirtualLibrary SearchSong.frm
2000.04.20 14:34 B D:\PROJECT DOC&PRESENT\Final Project_2\Multimedia_Database\Source\VirtualLibrary\SearchSong.frx <-- morac /tmp/Multimedia_Database/Source/VirtualLibrary SearchSong.frx
2000.04.20 14:34 B D:\PROJECT DOC&PRESENT\Final Project_2\Multimedia_Database\Source\VirtualLibrary\Shelf_Room.frm <-- morac /tmp/Multimedia_Database/Source/VirtualLibrary Shelf_Room.frm
2000.04.20 14:34 B D:\PROJECT DOC&PRESENT\Final Project_2\Multimedia_Database\Source\VirtualLibrary\Shelf_Room.frx <-- morac /tmp/Multimedia_Database/Source/VirtualLibrary Shelf_Room.frx
2000.04.20 14:34 B D:\PROJECT DOC&PRESENT\Final Project_2\Multimedia_Database\Source\VirtualLibrary\ShowLibrary.frm <-- morac /tmp/Multimedia_Database/Source/VirtualLibrary ShowLibrary.frm
2000.04.20 14:34 B D:\PROJECT DOC&PRESENT\Final Project_2\Multimedia_Database\Source\VirtualLibrary\ShowLibrary.frx <-- morac /tmp/Multimedia_Database/Source/VirtualLibrary ShowLibrary.frx
2000.04.20 14:34 B D:\PROJECT DOC&PRESENT\Final Project_2\Multimedia_Database\Source\VirtualLibrary\ShowMovie.frm <-- morac /tmp/Multimedia_Database/Source/VirtualLibrary ShowMovie.frm
2000.04.20 14:34 B D:\PROJECT DOC&PRESENT\Final Project_2\Multimedia_Database\Source\VirtualLibrary\ShowMusic.frm <-- morac /tmp/Multimedia_Database/Source/VirtualLibrary ShowMusic.frm
2000.04.20 14:34 B D:\PROJECT DOC&PRESENT\Final Project_2\Multimedia_Database\Source\VirtualLibrary\Showpreface.frm <-- morac /tmp/Multimedia_Database/Source/VirtualLibrary Showpreface.frm
2000.04.20 14:34 B D:\PROJECT DOC&PRESENT\Final Project_2\Multimedia_Database\Source\VirtualLibrary\showshelf.frm <-- morac /tmp/Multimedia_Database/Source/VirtualLibrary showshelf.frm
2000.04.20 14:34 B D:\PROJECT DOC&PRESENT\Final Project_2\Multimedia_Database\Source\VirtualLibrary\showshelf.frx <-- morac /tmp/Multimedia_Database/Source/VirtualLibrary showshelf.frx
2000.04.20 14:34 B D:\PROJECT DOC&PRESENT\Final Project_2\Multimedia_Database\Source\VirtualLibrary\VirtualLibrary.DDX <-- morac /tmp/Multimedia_Database/Source/VirtualLibrary VirtualLibrary.DDX
2000.04.20 14:34 B D:\PROJECT DOC&PRESENT\Final Project_2\Multimedia_Database\Source\VirtualLibrary\VirtualLibrary2.DDX <-- morac /tmp/Multimedia_Database/Source/VirtualLibrary VirtualLibrary2.DDX
