2000.04.08 14:39 B D:\Complete\Source\datablade_module\src\dblogic.001 --> www8.50megs.com /project/Source/datablade_module/src dblogic.001
2000.04.08 14:40 B D:\Complete\Source\datablade_module\src\dblogic.c --> www8.50megs.com /project/Source/datablade_module/src dblogic.c
2000.04.08 14:40 B D:\Complete\Source\datablade_module\src\dblogic.c.bak --> www8.50megs.com /project/Source/datablade_module/src dblogic.c.bak
2000.04.08 14:40 B D:\Complete\Source\datablade_module\src\dblogic.c.base --> www8.50megs.com /project/Source/datablade_module/src dblogic.c.base
2000.04.08 14:40 B D:\Complete\Source\datablade_module\src\dblogic.def --> www8.50megs.com /project/Source/datablade_module/src dblogic.def
2000.04.08 14:40 B D:\Complete\Source\datablade_module\src\dblogic.def.bak --> www8.50megs.com /project/Source/datablade_module/src dblogic.def.bak
2000.04.08 14:40 B D:\Complete\Source\datablade_module\src\dblogic.dsp --> www8.50megs.com /project/Source/datablade_module/src dblogic.dsp
2000.04.08 14:40 B D:\Complete\Source\datablade_module\src\dblogic.dsw --> www8.50megs.com /project/Source/datablade_module/src dblogic.dsw
2000.04.08 14:40 B D:\Complete\Source\datablade_module\src\dblogic.gen --> www8.50megs.com /project/Source/datablade_module/src dblogic.gen
2000.04.08 14:40 B D:\Complete\Source\datablade_module\src\dblogic.h --> www8.50megs.com /project/Source/datablade_module/src dblogic.h
2000.04.08 14:40 B D:\Complete\Source\datablade_module\src\dblogic.h.bak --> www8.50megs.com /project/Source/datablade_module/src dblogic.h.bak
2000.04.08 14:40 B D:\Complete\Source\datablade_module\src\dblogic.mak --> www8.50megs.com /project/Source/datablade_module/src dblogic.mak
2000.04.08 14:40 B D:\Complete\Source\datablade_module\src\dblogic.mak.bak --> www8.50megs.com /project/Source/datablade_module/src dblogic.mak.bak
2000.04.08 14:40 B D:\Complete\Source\datablade_module\src\dblogic.ncb --> www8.50megs.com /project/Source/datablade_module/src dblogic.ncb
2000.04.08 14:41 B D:\Complete\Source\datablade_module\src\dblogic.opt --> www8.50megs.com /project/Source/datablade_module/src dblogic.opt
2000.04.08 14:41 B D:\Complete\Source\datablade_module\src\dblogic.plg --> www8.50megs.com /project/Source/datablade_module/src dblogic.plg
2000.04.08 14:41 B D:\Complete\Source\datablade_module\src\dblogic.txt --> www8.50megs.com /project/Source/datablade_module/src dblogic.txt
2000.04.08 14:41 B D:\Complete\Source\datablade_module\src\dblogic.txt.bak --> www8.50megs.com /project/Source/datablade_module/src dblogic.txt.bak
2000.04.08 14:41 B D:\Complete\Source\datablade_module\src\UNIX.mak --> www8.50megs.com /project/Source/datablade_module/src UNIX.mak
2000.04.08 14:41 B D:\Complete\Source\datablade_module\src\UNIX.mak.bak --> www8.50megs.com /project/Source/datablade_module/src UNIX.mak.bak
2000.04.08 14:41 B D:\Complete\Source\datablade_module\src\WinNT.mak --> www8.50megs.com /project/Source/datablade_module/src WinNT.mak
2000.04.08 14:41 B D:\Complete\Source\datablade_module\src\WinNT.mak.bak --> www8.50megs.com /project/Source/datablade_module/src WinNT.mak.bak
